2025-10-06 11:51:34,647 - INFO - Fetching data from API...
2025-10-06 11:51:34,830 - INFO - Processing data with pandas...
2025-10-06 11:51:34,836 - INFO - Saving report...
2025-10-06 11:51:34,911 - INFO - Report saved to report.xlsx
2025-10-06 11:51:34,911 - INFO - Pipeline completed successfully!
2025-10-06 11:52:35,116 - INFO - Fetching data from API...
2025-10-06 11:52:35,267 - INFO - Processing data with pandas...
2025-10-06 11:52:35,268 - INFO - Saving report...
2025-10-06 11:52:35,273 - INFO - Report saved to report.xlsx
2025-10-06 11:52:35,273 - INFO - Pipeline completed successfully!
2025-10-06 11:55:05,085 - INFO - Fetching data from API...
2025-10-06 11:55:05,222 - INFO - Processing data with pandas...
2025-10-06 11:55:05,227 - INFO - Saving report...
2025-10-06 11:55:05,304 - INFO - Report saved to report.xlsx
2025-10-06 11:55:05,304 - INFO - Pipeline completed successfully!
2025-10-06 11:55:38,439 - INFO - Fetching data from API...
2025-10-06 11:55:38,619 - INFO - Processing data with pandas...
2025-10-06 11:55:38,622 - INFO - Saving report...
2025-10-06 11:55:38,698 - INFO - Report saved to report.xlsx
2025-10-06 11:55:38,698 - INFO - Pipeline completed successfully!
2025-10-06 11:56:38,906 - INFO - Fetching data from API...
2025-10-06 11:56:39,098 - INFO - Processing data with pandas...
2025-10-06 11:56:39,099 - INFO - Saving report...
2025-10-06 11:56:39,102 - INFO - Report saved to report.xlsx
2025-10-06 11:56:39,102 - INFO - Pipeline completed successfully!
2025-10-06 11:57:39,306 - INFO - Fetching data from API...
2025-10-06 11:57:39,532 - INFO - Processing data with pandas...
2025-10-06 11:57:39,533 - INFO - Saving report...
2025-10-06 11:57:39,539 - INFO - Report saved to report.xlsx
2025-10-06 11:57:39,539 - INFO - Pipeline completed successfully!
2025-10-06 11:57:49,666 - INFO - Fetching data from API...
2025-10-06 11:57:49,975 - INFO - Processing data with pandas...
2025-10-06 11:57:49,981 - INFO - Saving report...
2025-10-06 11:57:50,049 - INFO - Report saved to report.xlsx
2025-10-06 11:57:50,049 - INFO - Pipeline completed successfully!
2025-10-06 11:59:17,952 - INFO - Fetching data from API...
2025-10-06 11:59:18,221 - INFO - Processing data with pandas...
2025-10-06 11:59:18,224 - INFO - Saving report...
2025-10-06 11:59:18,297 - INFO - Report saved to report_2025-10-06_11-59-18.xlsx
2025-10-06 11:59:18,297 - INFO - Pipeline completed successfully!
2025-10-06 11:59:42,011 - INFO - Fetching data from API...
2025-10-06 11:59:42,183 - INFO - Processing data with pandas...
2025-10-06 11:59:42,186 - INFO - Saving report...
2025-10-06 11:59:42,253 - INFO - Report saved to report_2025-10-06_11-59-42.xlsx
2025-10-06 11:59:42,253 - INFO - Pipeline completed successfully!
2025-10-06 11:59:57,921 - INFO - Fetching data from API...
2025-10-06 11:59:58,086 - INFO - Processing data with pandas...
2025-10-06 11:59:58,089 - INFO - Saving report...
2025-10-06 11:59:58,154 - INFO - Report saved to report_2025-10-06_11-59-58.xlsx
2025-10-06 11:59:58,154 - INFO - Pipeline completed successfully!
2025-10-06 16:05:11,259 - INFO - Fetching data from API...
2025-10-06 16:05:11,473 - INFO - Processing data with pandas...
2025-10-06 16:05:11,475 - INFO - Saving report...
2025-10-06 16:05:11,527 - INFO - Report saved to report_2025-10-06_16-05-11.xlsx
2025-10-06 16:05:11,528 - INFO - Pipeline completed successfully!
2025-10-10 20:26:25,122 - INFO - Fetching data from API...
2025-10-10 20:26:25,465 - INFO - Processing data with pandas...
2025-10-10 20:26:25,468 - INFO - Saving report...
2025-10-10 20:26:25,552 - INFO - Report saved to report_2025-10-10_20-26-25.xlsx
2025-10-10 20:26:25,552 - INFO - Pipeline completed successfully!
2025-10-10 20:47:37,808 - INFO - Fetching data from API...
2025-10-10 20:47:37,957 - INFO - Processing data with pandas...
2025-10-10 20:47:37,958 - INFO - Saving report...
2025-10-10 20:47:38,005 - INFO - Report saved to report_2025-10-10_20-47-37.xlsx
2025-10-10 20:47:38,005 - INFO - Pipeline completed successfully!
2025-10-11 00:48:33,908 - INFO - Fetching data from API...
2025-10-11 00:48:34,115 - INFO - Processing data with pandas...
2025-10-11 00:48:34,118 - INFO - Saving report...
2025-10-11 00:48:34,176 - INFO - Report saved to report_2025-10-11_00-48-34.xlsx
2025-10-11 00:48:34,176 - INFO - Pipeline completed successfully!
